warning: adding embedded git repository: XFCE-Terminal-VSCodeDark
hint: You've added another git repository inside your current repository.
hint: Clones of the outer repository will not contain the contents of
hint: the embedded repository and will not know how to obtain it.
hint: If you meant to add a submodule, use:
hint: 
hint: 	git submodule add <url> XFCE-Terminal-VSCodeDark
hint: 
hint: If you added this path by mistake, you can remove it from the
hint: index with:
hint: 
hint: 	git rm --cached XFCE-Terminal-VSCodeDark
hint: 
hint: See "git help submodule" for more information.
[main 1f99f31] Auto backup on Sat Nov 22 07:00:01 PM EST 2025
 2 files changed, 15 insertions(+)
 create mode 160000 XFCE-Terminal-VSCodeDark
 create mode 100644 autopush.log
To github.com:Pax0322/dotfiles.git
   a477e86..1f99f31  main -> main
